Determining if the pthread_create exist failed with the following output:
Change Dir: /home/naomi/Desktop/framework_gl/build/CMakeFiles/CMakeTmp

Run Build Command:/usr/bin/make "cmTryCompileExec3255882233/fast"
/usr/bin/make -f CMakeFiles/cmTryCompileExec3255882233.dir/build.make CMakeFiles/cmTryCompileExec3255882233.dir/build
make[1]: Entering directory `/home/naomi/Desktop/framework_gl/build/CMakeFiles/CMakeTmp'
/usr/bin/cmake -E cmake_progress_report /home/naomi/Desktop/framework_gl/build/CMakeFiles/CMakeTmp/CMakeFiles 1
Building C object CMakeFiles/cmTryCompileExec3255882233.dir/CheckSymbolExists.c.o
/usr/bin/cc    -o CMakeFiles/cmTryCompileExec3255882233.dir/CheckSymbolExists.c.o   -c /home/naomi/Desktop/framework_gl/build/CMakeFiles/CMakeTmp/CheckSymbolExists.c
Linking C executable cmTryCompileExec3255882233
/usr/bin/cmake -E cmake_link_script CMakeFiles/cmTryCompileExec3255882233.dir/link.txt --verbose=1
/usr/bin/cc       CMakeFiles/cmTryCompileExec3255882233.dir/CheckSymbolExists.c.o  -o cmTryCompileExec3255882233 -rdynamic 
CMakeFiles/cmTryCompileExec3255882233.dir/CheckSymbolExists.c.o: In function `main':
CheckSymbolExists.c:(.text+0x16): undefined reference to `pthread_create'
collect2: error: ld returned 1 exit status
make[1]: *** [cmTryCompileExec3255882233] Error 1
make[1]: Leaving directory `/home/naomi/Desktop/framework_gl/build/CMakeFiles/CMakeTmp'
make: *** [cmTryCompileExec3255882233/fast] Error 2

File /home/naomi/Desktop/framework_gl/build/CMakeFiles/CMakeTmp/CheckSymbolExists.c:
/* */
#include <pthread.h>

int main(int argc, char** argv)
{
  (void)argv;
#ifndef pthread_create
  return ((int*)(&pthread_create))[argc];
#else
  (void)argc;
  return 0;
#endif
}

Determining if the function pthread_create exists in the pthreads failed with the following output:
Change Dir: /home/naomi/Desktop/framework_gl/build/CMakeFiles/CMakeTmp

Run Build Command:/usr/bin/make "cmTryCompileExec2849371748/fast"
/usr/bin/make -f CMakeFiles/cmTryCompileExec2849371748.dir/build.make CMakeFiles/cmTryCompileExec2849371748.dir/build
make[1]: Entering directory `/home/naomi/Desktop/framework_gl/build/CMakeFiles/CMakeTmp'
/usr/bin/cmake -E cmake_progress_report /home/naomi/Desktop/framework_gl/build/CMakeFiles/CMakeTmp/CMakeFiles 1
Building C object CMakeFiles/cmTryCompileExec2849371748.dir/CheckFunctionExists.c.o
/usr/bin/cc   -DCHECK_FUNCTION_EXISTS=pthread_create   -o CMakeFiles/cmTryCompileExec2849371748.dir/CheckFunctionExists.c.o   -c /usr/share/cmake-2.8/Modules/CheckFunctionExists.c
Linking C executable cmTryCompileExec2849371748
/usr/bin/cmake -E cmake_link_script CMakeFiles/cmTryCompileExec2849371748.dir/link.txt --verbose=1
/usr/bin/cc   -DCHECK_FUNCTION_EXISTS=pthread_create    CMakeFiles/cmTryCompileExec2849371748.dir/CheckFunctionExists.c.o  -o cmTryCompileExec2849371748 -rdynamic -lpthreads 
/usr/bin/ld: cannot find -lpthreads
collect2: error: ld returned 1 exit status
make[1]: *** [cmTryCompileExec2849371748] Error 1
make[1]: Leaving directory `/home/naomi/Desktop/framework_gl/build/CMakeFiles/CMakeTmp'
make: *** [cmTryCompileExec2849371748/fast] Error 2


Determining if the function glXGetProcAddressEXT exists failed with the following output:
Change Dir: /home/naomi/Desktop/framework_gl/build/CMakeFiles/CMakeTmp

Run Build Command:/usr/bin/make "cmTryCompileExec4269314007/fast"
/usr/bin/make -f CMakeFiles/cmTryCompileExec4269314007.dir/build.make CMakeFiles/cmTryCompileExec4269314007.dir/build
make[1]: Entering directory `/home/naomi/Desktop/framework_gl/build/CMakeFiles/CMakeTmp'
/usr/bin/cmake -E cmake_progress_report /home/naomi/Desktop/framework_gl/build/CMakeFiles/CMakeTmp/CMakeFiles 1
Building C object CMakeFiles/cmTryCompileExec4269314007.dir/CheckFunctionExists.c.o
/usr/bin/cc   -DCHECK_FUNCTION_EXISTS=glXGetProcAddressEXT   -o CMakeFiles/cmTryCompileExec4269314007.dir/CheckFunctionExists.c.o   -c /usr/share/cmake-2.8/Modules/CheckFunctionExists.c
Linking C executable cmTryCompileExec4269314007
/usr/bin/cmake -E cmake_link_script CMakeFiles/cmTryCompileExec4269314007.dir/link.txt --verbose=1
/usr/bin/cc   -DCHECK_FUNCTION_EXISTS=glXGetProcAddressEXT    CMakeFiles/cmTryCompileExec4269314007.dir/CheckFunctionExists.c.o  -o cmTryCompileExec4269314007 -rdynamic -lGL 
CMakeFiles/cmTryCompileExec4269314007.dir/CheckFunctionExists.c.o: In function `main':
CheckFunctionExists.c:(.text+0x15): undefined reference to `glXGetProcAddressEXT'
collect2: error: ld returned 1 exit status
make[1]: Leaving directory `/home/naomi/Desktop/framework_gl/build/CMakeFiles/CMakeTmp'
make[1]: *** [cmTryCompileExec4269314007] Error 1
make: *** [cmTryCompileExec4269314007/fast] Error 2


Determining if the posix_memalign exist failed with the following output:
Change Dir: /home/naomi/Desktop/framework_gl/build/CMakeFiles/CMakeTmp

Run Build Command:/usr/bin/make "cmTryCompileExec1570691806/fast"
/usr/bin/make -f CMakeFiles/cmTryCompileExec1570691806.dir/build.make CMakeFiles/cmTryCompileExec1570691806.dir/build
make[1]: Entering directory `/home/naomi/Desktop/framework_gl/build/CMakeFiles/CMakeTmp'
/usr/bin/cmake -E cmake_progress_report /home/naomi/Desktop/framework_gl/build/CMakeFiles/CMakeTmp/CMakeFiles 1
Building C object CMakeFiles/cmTryCompileExec1570691806.dir/CheckSymbolExists.c.o
/usr/bin/cc   -std=c11     -o CMakeFiles/cmTryCompileExec1570691806.dir/CheckSymbolExists.c.o   -c /home/naomi/Desktop/framework_gl/build/CMakeFiles/CMakeTmp/CheckSymbolExists.c
/home/naomi/Desktop/framework_gl/build/CMakeFiles/CMakeTmp/CheckSymbolExists.c: In function ‘main’:
/home/naomi/Desktop/framework_gl/build/CMakeFiles/CMakeTmp/CheckSymbolExists.c:8:19: error: ‘posix_memalign’ undeclared (first use in this function)
   return ((int*)(&posix_memalign))[argc];
                   ^
/home/naomi/Desktop/framework_gl/build/CMakeFiles/CMakeTmp/CheckSymbolExists.c:8:19: note: each undeclared identifier is reported only once for each function it appears in
make[1]: Leaving directory `/home/naomi/Desktop/framework_gl/build/CMakeFiles/CMakeTmp'
make[1]: *** [CMakeFiles/cmTryCompileExec1570691806.dir/CheckSymbolExists.c.o] Error 1
make: *** [cmTryCompileExec1570691806/fast] Error 2

File /home/naomi/Desktop/framework_gl/build/CMakeFiles/CMakeTmp/CheckSymbolExists.c:
/* */
#include <stdlib.h>

int main(int argc, char** argv)
{
  (void)argv;
#ifndef posix_memalign
  return ((int*)(&posix_memalign))[argc];
#else
  (void)argc;
  return 0;
#endif
}

Performing C SOURCE FILE Test HAVE_LIBATOMIC failed with the following output:
Change Dir: /home/naomi/Desktop/framework_gl/build/CMakeFiles/CMakeTmp

Run Build Command:/usr/bin/make "cmTryCompileExec1179138839/fast"
/usr/bin/make -f CMakeFiles/cmTryCompileExec1179138839.dir/build.make CMakeFiles/cmTryCompileExec1179138839.dir/build
make[1]: Entering directory `/home/naomi/Desktop/framework_gl/build/CMakeFiles/CMakeTmp'
/usr/bin/cmake -E cmake_progress_report /home/naomi/Desktop/framework_gl/build/CMakeFiles/CMakeTmp/CMakeFiles 1
Building C object CMakeFiles/cmTryCompileExec1179138839.dir/src.c.o
/usr/bin/cc   -fno-gnu89-inline -std=c11  -DHAVE_LIBATOMIC  -D_POSIX_C_SOURCE=200112L -D_XOPEN_SOURCE=500 -D_LARGEFILE_SOURCE -D_LARGE_FILES   -o CMakeFiles/cmTryCompileExec1179138839.dir/src.c.o   -c /home/naomi/Desktop/framework_gl/build/CMakeFiles/CMakeTmp/src.c
/home/naomi/Desktop/framework_gl/build/CMakeFiles/CMakeTmp/src.c:1:23: fatal error: stdatomic.h: No such file or directory
 #include <stdatomic.h>
                       ^
compilation terminated.
make[1]: *** [CMakeFiles/cmTryCompileExec1179138839.dir/src.c.o] Error 1
make[1]: Leaving directory `/home/naomi/Desktop/framework_gl/build/CMakeFiles/CMakeTmp'
make: *** [cmTryCompileExec1179138839/fast] Error 2

Source file was:
#include <stdatomic.h>
int _Atomic foo = ATOMIC_VAR_INIT(0);
int main()
{
    return atomic_fetch_add(&foo, 2);
}
Performing C SOURCE FILE Test HAVE_C11_ATOMIC failed with the following output:
Change Dir: /home/naomi/Desktop/framework_gl/build/CMakeFiles/CMakeTmp

Run Build Command:/usr/bin/make "cmTryCompileExec973090434/fast"
/usr/bin/make -f CMakeFiles/cmTryCompileExec973090434.dir/build.make CMakeFiles/cmTryCompileExec973090434.dir/build
make[1]: Entering directory `/home/naomi/Desktop/framework_gl/build/CMakeFiles/CMakeTmp'
/usr/bin/cmake -E cmake_progress_report /home/naomi/Desktop/framework_gl/build/CMakeFiles/CMakeTmp/CMakeFiles 1
Building C object CMakeFiles/cmTryCompileExec973090434.dir/src.c.o
/usr/bin/cc   -fno-gnu89-inline -std=c11  -DHAVE_C11_ATOMIC  -D_POSIX_C_SOURCE=200112L -D_XOPEN_SOURCE=500 -D_LARGEFILE_SOURCE -D_LARGE_FILES   -o CMakeFiles/cmTryCompileExec973090434.dir/src.c.o   -c /home/naomi/Desktop/framework_gl/build/CMakeFiles/CMakeTmp/src.c
/home/naomi/Desktop/framework_gl/build/CMakeFiles/CMakeTmp/src.c:1:23: fatal error: stdatomic.h: No such file or directory
 #include <stdatomic.h>
                       ^
compilation terminated.
make[1]: Leaving directory `/home/naomi/Desktop/framework_gl/build/CMakeFiles/CMakeTmp'
make[1]: *** [CMakeFiles/cmTryCompileExec973090434.dir/src.c.o] Error 1
make: *** [cmTryCompileExec973090434/fast] Error 2

Source file was:
#include <stdatomic.h>
 const int _Atomic foo = ATOMIC_VAR_INIT(~0);
 int _Atomic bar = ATOMIC_VAR_INIT(0);
 int main()
 {
     atomic_fetch_add(&bar, 2);
     return atomic_load(&foo);
 }
Performing C SOURCE FILE Test HAVE_MFPU_NEON_SWITCH failed with the following output:
Change Dir: /home/naomi/Desktop/framework_gl/build/CMakeFiles/CMakeTmp

Run Build Command:/usr/bin/make "cmTryCompileExec682845011/fast"
/usr/bin/make -f CMakeFiles/cmTryCompileExec682845011.dir/build.make CMakeFiles/cmTryCompileExec682845011.dir/build
make[1]: Entering directory `/home/naomi/Desktop/framework_gl/build/CMakeFiles/CMakeTmp'
/usr/bin/cmake -E cmake_progress_report /home/naomi/Desktop/framework_gl/build/CMakeFiles/CMakeTmp/CMakeFiles 1
Building C object CMakeFiles/cmTryCompileExec682845011.dir/src.c.o
/usr/bin/cc   -fno-gnu89-inline -std=c11  -DHAVE_MFPU_NEON_SWITCH  -D_POSIX_C_SOURCE=200112L -D_XOPEN_SOURCE=500 -D_LARGEFILE_SOURCE -D_LARGE_FILES   -mfpu=neon -o CMakeFiles/cmTryCompileExec682845011.dir/src.c.o   -c /home/naomi/Desktop/framework_gl/build/CMakeFiles/CMakeTmp/src.c
cc: error: unrecognized command line option '-mfpu=neon'
make[1]: *** [CMakeFiles/cmTryCompileExec682845011.dir/src.c.o] Error 1
make[1]: Leaving directory `/home/naomi/Desktop/framework_gl/build/CMakeFiles/CMakeTmp'
make: *** [cmTryCompileExec682845011/fast] Error 2

Source file was:
int main(void) { return 0; }
Determining if the include file intrin.h exists failed with the following output:
Change Dir: /home/naomi/Desktop/framework_gl/build/CMakeFiles/CMakeTmp

Run Build Command:/usr/bin/make "cmTryCompileExec3942096544/fast"
/usr/bin/make -f CMakeFiles/cmTryCompileExec3942096544.dir/build.make CMakeFiles/cmTryCompileExec3942096544.dir/build
make[1]: Entering directory `/home/naomi/Desktop/framework_gl/build/CMakeFiles/CMakeTmp'
/usr/bin/cmake -E cmake_progress_report /home/naomi/Desktop/framework_gl/build/CMakeFiles/CMakeTmp/CMakeFiles 1
Building C object CMakeFiles/cmTryCompileExec3942096544.dir/CheckIncludeFile.c.o
/usr/bin/cc   -fno-gnu89-inline -std=c11   -D_POSIX_C_SOURCE=200112L -D_XOPEN_SOURCE=500 -D_LARGEFILE_SOURCE -D_LARGE_FILES   -o CMakeFiles/cmTryCompileExec3942096544.dir/CheckIncludeFile.c.o   -c /home/naomi/Desktop/framework_gl/build/CMakeFiles/CMakeTmp/CheckIncludeFile.c
/home/naomi/Desktop/framework_gl/build/CMakeFiles/CMakeTmp/CheckIncludeFile.c:1:20: fatal error: intrin.h: No such file or directory
 #include <intrin.h>
                    ^
compilation terminated.
make[1]: *** [CMakeFiles/cmTryCompileExec3942096544.dir/CheckIncludeFile.c.o] Error 1
make[1]: Leaving directory `/home/naomi/Desktop/framework_gl/build/CMakeFiles/CMakeTmp'
make: *** [cmTryCompileExec3942096544/fast] Error 2


Determining if the include file sys/sysconf.h exists failed with the following output:
Change Dir: /home/naomi/Desktop/framework_gl/build/CMakeFiles/CMakeTmp

Run Build Command:/usr/bin/make "cmTryCompileExec48007989/fast"
/usr/bin/make -f CMakeFiles/cmTryCompileExec48007989.dir/build.make CMakeFiles/cmTryCompileExec48007989.dir/build
make[1]: Entering directory `/home/naomi/Desktop/framework_gl/build/CMakeFiles/CMakeTmp'
/usr/bin/cmake -E cmake_progress_report /home/naomi/Desktop/framework_gl/build/CMakeFiles/CMakeTmp/CMakeFiles 1
Building C object CMakeFiles/cmTryCompileExec48007989.dir/CheckIncludeFile.c.o
/usr/bin/cc   -fno-gnu89-inline -std=c11   -D_POSIX_C_SOURCE=200112L -D_XOPEN_SOURCE=500 -D_LARGEFILE_SOURCE -D_LARGE_FILES   -o CMakeFiles/cmTryCompileExec48007989.dir/CheckIncludeFile.c.o   -c /home/naomi/Desktop/framework_gl/build/CMakeFiles/CMakeTmp/CheckIncludeFile.c
/home/naomi/Desktop/framework_gl/build/CMakeFiles/CMakeTmp/CheckIncludeFile.c:1:25: fatal error: sys/sysconf.h: No such file or directory
 #include <sys/sysconf.h>
                         ^
compilation terminated.
make[1]: Leaving directory `/home/naomi/Desktop/framework_gl/build/CMakeFiles/CMakeTmp'
make[1]: *** [CMakeFiles/cmTryCompileExec48007989.dir/CheckIncludeFile.c.o] Error 1
make: *** [cmTryCompileExec48007989/fast] Error 2


Determining if the include file ieeefp.h exists failed with the following output:
Change Dir: /home/naomi/Desktop/framework_gl/build/CMakeFiles/CMakeTmp

Run Build Command:/usr/bin/make "cmTryCompileExec1433881642/fast"
/usr/bin/make -f CMakeFiles/cmTryCompileExec1433881642.dir/build.make CMakeFiles/cmTryCompileExec1433881642.dir/build
make[1]: Entering directory `/home/naomi/Desktop/framework_gl/build/CMakeFiles/CMakeTmp'
/usr/bin/cmake -E cmake_progress_report /home/naomi/Desktop/framework_gl/build/CMakeFiles/CMakeTmp/CMakeFiles 1
Building C object CMakeFiles/cmTryCompileExec1433881642.dir/CheckIncludeFile.c.o
/usr/bin/cc   -fno-gnu89-inline -std=c11   -D_POSIX_C_SOURCE=200112L -D_XOPEN_SOURCE=500 -D_LARGEFILE_SOURCE -D_LARGE_FILES   -o CMakeFiles/cmTryCompileExec1433881642.dir/CheckIncludeFile.c.o   -c /home/naomi/Desktop/framework_gl/build/CMakeFiles/CMakeTmp/CheckIncludeFile.c
/home/naomi/Desktop/framework_gl/build/CMakeFiles/CMakeTmp/CheckIncludeFile.c:1:20: fatal error: ieeefp.h: No such file or directory
 #include <ieeefp.h>
                    ^
compilation terminated.
make[1]: Leaving directory `/home/naomi/Desktop/framework_gl/build/CMakeFiles/CMakeTmp'
make[1]: *** [CMakeFiles/cmTryCompileExec1433881642.dir/CheckIncludeFile.c.o] Error 1
make: *** [cmTryCompileExec1433881642/fast] Error 2


Determining if the include file guiddef.h exists failed with the following output:
Change Dir: /home/naomi/Desktop/framework_gl/build/CMakeFiles/CMakeTmp

Run Build Command:/usr/bin/make "cmTryCompileExec2684314510/fast"
/usr/bin/make -f CMakeFiles/cmTryCompileExec2684314510.dir/build.make CMakeFiles/cmTryCompileExec2684314510.dir/build
make[1]: Entering directory `/home/naomi/Desktop/framework_gl/build/CMakeFiles/CMakeTmp'
/usr/bin/cmake -E cmake_progress_report /home/naomi/Desktop/framework_gl/build/CMakeFiles/CMakeTmp/CMakeFiles 1
Building C object CMakeFiles/cmTryCompileExec2684314510.dir/CheckIncludeFile.c.o
/usr/bin/cc   -fno-gnu89-inline -std=c11   -D_POSIX_C_SOURCE=200112L -D_XOPEN_SOURCE=500 -D_LARGEFILE_SOURCE -D_LARGE_FILES   -o CMakeFiles/cmTryCompileExec2684314510.dir/CheckIncludeFile.c.o   -c /home/naomi/Desktop/framework_gl/build/CMakeFiles/CMakeTmp/CheckIncludeFile.c
/home/naomi/Desktop/framework_gl/build/CMakeFiles/CMakeTmp/CheckIncludeFile.c:1:21: fatal error: guiddef.h: No such file or directory
 #include <guiddef.h>
                     ^
compilation terminated.
make[1]: Leaving directory `/home/naomi/Desktop/framework_gl/build/CMakeFiles/CMakeTmp'
make[1]: *** [CMakeFiles/cmTryCompileExec2684314510.dir/CheckIncludeFile.c.o] Error 1
make: *** [cmTryCompileExec2684314510/fast] Error 2


Determining if the include file initguid.h exists failed with the following output:
Change Dir: /home/naomi/Desktop/framework_gl/build/CMakeFiles/CMakeTmp

Run Build Command:/usr/bin/make "cmTryCompileExec3518847657/fast"
/usr/bin/make -f CMakeFiles/cmTryCompileExec3518847657.dir/build.make CMakeFiles/cmTryCompileExec3518847657.dir/build
make[1]: Entering directory `/home/naomi/Desktop/framework_gl/build/CMakeFiles/CMakeTmp'
/usr/bin/cmake -E cmake_progress_report /home/naomi/Desktop/framework_gl/build/CMakeFiles/CMakeTmp/CMakeFiles 1
Building C object CMakeFiles/cmTryCompileExec3518847657.dir/CheckIncludeFile.c.o
/usr/bin/cc   -fno-gnu89-inline -std=c11   -D_POSIX_C_SOURCE=200112L -D_XOPEN_SOURCE=500 -D_LARGEFILE_SOURCE -D_LARGE_FILES   -o CMakeFiles/cmTryCompileExec3518847657.dir/CheckIncludeFile.c.o   -c /home/naomi/Desktop/framework_gl/build/CMakeFiles/CMakeTmp/CheckIncludeFile.c
/home/naomi/Desktop/framework_gl/build/CMakeFiles/CMakeTmp/CheckIncludeFile.c:1:22: fatal error: initguid.h: No such file or directory
 #include <initguid.h>
                      ^
compilation terminated.
make[1]: *** [CMakeFiles/cmTryCompileExec3518847657.dir/CheckIncludeFile.c.o] Error 1
make[1]: Leaving directory `/home/naomi/Desktop/framework_gl/build/CMakeFiles/CMakeTmp'
make: *** [cmTryCompileExec3518847657/fast] Error 2


Determining if the _aligned_malloc exist failed with the following output:
Change Dir: /home/naomi/Desktop/framework_gl/build/CMakeFiles/CMakeTmp

Run Build Command:/usr/bin/make "cmTryCompileExec644713798/fast"
/usr/bin/make -f CMakeFiles/cmTryCompileExec644713798.dir/build.make CMakeFiles/cmTryCompileExec644713798.dir/build
make[1]: Entering directory `/home/naomi/Desktop/framework_gl/build/CMakeFiles/CMakeTmp'
/usr/bin/cmake -E cmake_progress_report /home/naomi/Desktop/framework_gl/build/CMakeFiles/CMakeTmp/CMakeFiles 1
Building C object CMakeFiles/cmTryCompileExec644713798.dir/CheckSymbolExists.c.o
/usr/bin/cc   -fno-gnu89-inline -std=c11   -D_POSIX_C_SOURCE=200112L -D_XOPEN_SOURCE=500 -D_LARGEFILE_SOURCE -D_LARGE_FILES   -o CMakeFiles/cmTryCompileExec644713798.dir/CheckSymbolExists.c.o   -c /home/naomi/Desktop/framework_gl/build/CMakeFiles/CMakeTmp/CheckSymbolExists.c
/home/naomi/Desktop/framework_gl/build/CMakeFiles/CMakeTmp/CheckSymbolExists.c: In function ‘main’:
/home/naomi/Desktop/framework_gl/build/CMakeFiles/CMakeTmp/CheckSymbolExists.c:8:19: error: ‘_aligned_malloc’ undeclared (first use in this function)
   return ((int*)(&_aligned_malloc))[argc];
                   ^
/home/naomi/Desktop/framework_gl/build/CMakeFiles/CMakeTmp/CheckSymbolExists.c:8:19: note: each undeclared identifier is reported only once for each function it appears in
make[1]: *** [CMakeFiles/cmTryCompileExec644713798.dir/CheckSymbolExists.c.o] Error 1
make[1]: Leaving directory `/home/naomi/Desktop/framework_gl/build/CMakeFiles/CMakeTmp'
make: *** [cmTryCompileExec644713798/fast] Error 2

File /home/naomi/Desktop/framework_gl/build/CMakeFiles/CMakeTmp/CheckSymbolExists.c:
/* */
#include <malloc.h>

int main(int argc, char** argv)
{
  (void)argv;
#ifndef _aligned_malloc
  return ((int*)(&_aligned_malloc))[argc];
#else
  (void)argc;
  return 0;
#endif
}

Determining if the _controlfp exist failed with the following output:
Change Dir: /home/naomi/Desktop/framework_gl/build/CMakeFiles/CMakeTmp

Run Build Command:/usr/bin/make "cmTryCompileExec2833700250/fast"
/usr/bin/make -f CMakeFiles/cmTryCompileExec2833700250.dir/build.make CMakeFiles/cmTryCompileExec2833700250.dir/build
make[1]: Entering directory `/home/naomi/Desktop/framework_gl/build/CMakeFiles/CMakeTmp'
/usr/bin/cmake -E cmake_progress_report /home/naomi/Desktop/framework_gl/build/CMakeFiles/CMakeTmp/CMakeFiles 1
Building C object CMakeFiles/cmTryCompileExec2833700250.dir/CheckSymbolExists.c.o
/usr/bin/cc   -fno-gnu89-inline -std=c11   -D_POSIX_C_SOURCE=200112L -D_XOPEN_SOURCE=500 -D_LARGEFILE_SOURCE -D_LARGE_FILES   -o CMakeFiles/cmTryCompileExec2833700250.dir/CheckSymbolExists.c.o   -c /home/naomi/Desktop/framework_gl/build/CMakeFiles/CMakeTmp/CheckSymbolExists.c
/home/naomi/Desktop/framework_gl/build/CMakeFiles/CMakeTmp/CheckSymbolExists.c: In function ‘main’:
/home/naomi/Desktop/framework_gl/build/CMakeFiles/CMakeTmp/CheckSymbolExists.c:8:19: error: ‘_controlfp’ undeclared (first use in this function)
   return ((int*)(&_controlfp))[argc];
                   ^
/home/naomi/Desktop/framework_gl/build/CMakeFiles/CMakeTmp/CheckSymbolExists.c:8:19: note: each undeclared identifier is reported only once for each function it appears in
make[1]: *** [CMakeFiles/cmTryCompileExec2833700250.dir/CheckSymbolExists.c.o] Error 1
make[1]: Leaving directory `/home/naomi/Desktop/framework_gl/build/CMakeFiles/CMakeTmp'
make: *** [cmTryCompileExec2833700250/fast] Error 2

File /home/naomi/Desktop/framework_gl/build/CMakeFiles/CMakeTmp/CheckSymbolExists.c:
/* */
#include <float.h>

int main(int argc, char** argv)
{
  (void)argv;
#ifndef _controlfp
  return ((int*)(&_controlfp))[argc];
#else
  (void)argc;
  return 0;
#endif
}

Determining if the __control87_2 exist failed with the following output:
Change Dir: /home/naomi/Desktop/framework_gl/build/CMakeFiles/CMakeTmp

Run Build Command:/usr/bin/make "cmTryCompileExec4127274985/fast"
/usr/bin/make -f CMakeFiles/cmTryCompileExec4127274985.dir/build.make CMakeFiles/cmTryCompileExec4127274985.dir/build
make[1]: Entering directory `/home/naomi/Desktop/framework_gl/build/CMakeFiles/CMakeTmp'
/usr/bin/cmake -E cmake_progress_report /home/naomi/Desktop/framework_gl/build/CMakeFiles/CMakeTmp/CMakeFiles 1
Building C object CMakeFiles/cmTryCompileExec4127274985.dir/CheckSymbolExists.c.o
/usr/bin/cc   -fno-gnu89-inline -std=c11   -D_POSIX_C_SOURCE=200112L -D_XOPEN_SOURCE=500 -D_LARGEFILE_SOURCE -D_LARGE_FILES   -o CMakeFiles/cmTryCompileExec4127274985.dir/CheckSymbolExists.c.o   -c /home/naomi/Desktop/framework_gl/build/CMakeFiles/CMakeTmp/CheckSymbolExists.c
/home/naomi/Desktop/framework_gl/build/CMakeFiles/CMakeTmp/CheckSymbolExists.c: In function ‘main’:
/home/naomi/Desktop/framework_gl/build/CMakeFiles/CMakeTmp/CheckSymbolExists.c:8:19: error: ‘__control87_2’ undeclared (first use in this function)
   return ((int*)(&__control87_2))[argc];
                   ^
/home/naomi/Desktop/framework_gl/build/CMakeFiles/CMakeTmp/CheckSymbolExists.c:8:19: note: each undeclared identifier is reported only once for each function it appears in
make[1]: Leaving directory `/home/naomi/Desktop/framework_gl/build/CMakeFiles/CMakeTmp'
make[1]: *** [CMakeFiles/cmTryCompileExec4127274985.dir/CheckSymbolExists.c.o] Error 1
make: *** [cmTryCompileExec4127274985/fast] Error 2

File /home/naomi/Desktop/framework_gl/build/CMakeFiles/CMakeTmp/CheckSymbolExists.c:
/* */
#include <float.h>

int main(int argc, char** argv)
{
  (void)argv;
#ifndef __control87_2
  return ((int*)(&__control87_2))[argc];
#else
  (void)argc;
  return 0;
#endif
}

Determining if the strnlen exist failed with the following output:
Change Dir: /home/naomi/Desktop/framework_gl/build/CMakeFiles/CMakeTmp

Run Build Command:/usr/bin/make "cmTryCompileExec3761979133/fast"
/usr/bin/make -f CMakeFiles/cmTryCompileExec3761979133.dir/build.make CMakeFiles/cmTryCompileExec3761979133.dir/build
make[1]: Entering directory `/home/naomi/Desktop/framework_gl/build/CMakeFiles/CMakeTmp'
/usr/bin/cmake -E cmake_progress_report /home/naomi/Desktop/framework_gl/build/CMakeFiles/CMakeTmp/CMakeFiles 1
Building C object CMakeFiles/cmTryCompileExec3761979133.dir/CheckSymbolExists.c.o
/usr/bin/cc   -fno-gnu89-inline -std=c11   -D_POSIX_C_SOURCE=200112L -D_XOPEN_SOURCE=500 -D_LARGEFILE_SOURCE -D_LARGE_FILES   -o CMakeFiles/cmTryCompileExec3761979133.dir/CheckSymbolExists.c.o   -c /home/naomi/Desktop/framework_gl/build/CMakeFiles/CMakeTmp/CheckSymbolExists.c
/home/naomi/Desktop/framework_gl/build/CMakeFiles/CMakeTmp/CheckSymbolExists.c: In function ‘main’:
/home/naomi/Desktop/framework_gl/build/CMakeFiles/CMakeTmp/CheckSymbolExists.c:8:19: error: ‘strnlen’ undeclared (first use in this function)
   return ((int*)(&strnlen))[argc];
                   ^
/home/naomi/Desktop/framework_gl/build/CMakeFiles/CMakeTmp/CheckSymbolExists.c:8:19: note: each undeclared identifier is reported only once for each function it appears in
make[1]: Leaving directory `/home/naomi/Desktop/framework_gl/build/CMakeFiles/CMakeTmp'
make[1]: *** [CMakeFiles/cmTryCompileExec3761979133.dir/CheckSymbolExists.c.o] Error 1
make: *** [cmTryCompileExec3761979133/fast] Error 2

File /home/naomi/Desktop/framework_gl/build/CMakeFiles/CMakeTmp/CheckSymbolExists.c:
/* */
#include <string.h>

int main(int argc, char** argv)
{
  (void)argv;
#ifndef strnlen
  return ((int*)(&strnlen))[argc];
#else
  (void)argc;
  return 0;
#endif
}

Determining if the include file windows.h exists failed with the following output:
Change Dir: /home/naomi/Desktop/framework_gl/build/CMakeFiles/CMakeTmp

Run Build Command:/usr/bin/make "cmTryCompileExec1694420555/fast"
/usr/bin/make -f CMakeFiles/cmTryCompileExec1694420555.dir/build.make CMakeFiles/cmTryCompileExec1694420555.dir/build
make[1]: Entering directory `/home/naomi/Desktop/framework_gl/build/CMakeFiles/CMakeTmp'
/usr/bin/cmake -E cmake_progress_report /home/naomi/Desktop/framework_gl/build/CMakeFiles/CMakeTmp/CMakeFiles 1
Building C object CMakeFiles/cmTryCompileExec1694420555.dir/CheckIncludeFile.c.o
/usr/bin/cc   -fno-gnu89-inline -std=c11  -D_WIN32_WINNT=0x0502  -D_POSIX_C_SOURCE=200112L -D_XOPEN_SOURCE=500 -D_LARGEFILE_SOURCE -D_LARGE_FILES   -o CMakeFiles/cmTryCompileExec1694420555.dir/CheckIncludeFile.c.o   -c /home/naomi/Desktop/framework_gl/build/CMakeFiles/CMakeTmp/CheckIncludeFile.c
/home/naomi/Desktop/framework_gl/build/CMakeFiles/CMakeTmp/CheckIncludeFile.c:1:21: fatal error: windows.h: No such file or directory
 #include <windows.h>
                     ^
compilation terminated.
make[1]: Leaving directory `/home/naomi/Desktop/framework_gl/build/CMakeFiles/CMakeTmp'
make[1]: *** [CMakeFiles/cmTryCompileExec1694420555.dir/CheckIncludeFile.c.o] Error 1
make: *** [cmTryCompileExec1694420555/fast] Error 2


Determining if files pthread.h;pthread_np.h exist failed with the following output:
Change Dir: /home/naomi/Desktop/framework_gl/build/CMakeFiles/CMakeTmp

Run Build Command:/usr/bin/make "cmTryCompileExec2236855758/fast"
/usr/bin/make -f CMakeFiles/cmTryCompileExec2236855758.dir/build.make CMakeFiles/cmTryCompileExec2236855758.dir/build
make[1]: Entering directory `/home/naomi/Desktop/framework_gl/build/CMakeFiles/CMakeTmp'
/usr/bin/cmake -E cmake_progress_report /home/naomi/Desktop/framework_gl/build/CMakeFiles/CMakeTmp/CMakeFiles 1
Building C object CMakeFiles/cmTryCompileExec2236855758.dir/CheckIncludeFiles.c.o
/usr/bin/cc   -fno-gnu89-inline -std=c11   -D_POSIX_C_SOURCE=200112L -D_XOPEN_SOURCE=500 -D_LARGEFILE_SOURCE -D_LARGE_FILES   -o CMakeFiles/cmTryCompileExec2236855758.dir/CheckIncludeFiles.c.o   -c /home/naomi/Desktop/framework_gl/build/CMakeFiles/CMakeTmp/CheckIncludeFiles.c
/home/naomi/Desktop/framework_gl/build/CMakeFiles/CMakeTmp/CheckIncludeFiles.c:3:24: fatal error: pthread_np.h: No such file or directory
 #include <pthread_np.h>
                        ^
compilation terminated.
make[1]: Leaving directory `/home/naomi/Desktop/framework_gl/build/CMakeFiles/CMakeTmp'
make[1]: *** [CMakeFiles/cmTryCompileExec2236855758.dir/CheckIncludeFiles.c.o] Error 1
make: *** [cmTryCompileExec2236855758/fast] Error 2

Source:
/* */
#include <pthread.h>
#include <pthread_np.h>


int main(){return 0;}

Determining if the pthread_setname_np exist failed with the following output:
Change Dir: /home/naomi/Desktop/framework_gl/build/CMakeFiles/CMakeTmp

Run Build Command:/usr/bin/make "cmTryCompileExec1764297894/fast"
/usr/bin/make -f CMakeFiles/cmTryCompileExec1764297894.dir/build.make CMakeFiles/cmTryCompileExec1764297894.dir/build
make[1]: Entering directory `/home/naomi/Desktop/framework_gl/build/CMakeFiles/CMakeTmp'
/usr/bin/cmake -E cmake_progress_report /home/naomi/Desktop/framework_gl/build/CMakeFiles/CMakeTmp/CMakeFiles 1
Building C object CMakeFiles/cmTryCompileExec1764297894.dir/CheckSymbolExists.c.o
/usr/bin/cc   -fno-gnu89-inline -std=c11   -D_POSIX_C_SOURCE=200112L -D_XOPEN_SOURCE=500 -D_LARGEFILE_SOURCE -D_LARGE_FILES -pthread   -o CMakeFiles/cmTryCompileExec1764297894.dir/CheckSymbolExists.c.o   -c /home/naomi/Desktop/framework_gl/build/CMakeFiles/CMakeTmp/CheckSymbolExists.c
/home/naomi/Desktop/framework_gl/build/CMakeFiles/CMakeTmp/CheckSymbolExists.c: In function ‘main’:
/home/naomi/Desktop/framework_gl/build/CMakeFiles/CMakeTmp/CheckSymbolExists.c:8:19: error: ‘pthread_setname_np’ undeclared (first use in this function)
   return ((int*)(&pthread_setname_np))[argc];
                   ^
/home/naomi/Desktop/framework_gl/build/CMakeFiles/CMakeTmp/CheckSymbolExists.c:8:19: note: each undeclared identifier is reported only once for each function it appears in
make[1]: Leaving directory `/home/naomi/Desktop/framework_gl/build/CMakeFiles/CMakeTmp'
make[1]: *** [CMakeFiles/cmTryCompileExec1764297894.dir/CheckSymbolExists.c.o] Error 1
make: *** [cmTryCompileExec1764297894/fast] Error 2

File /home/naomi/Desktop/framework_gl/build/CMakeFiles/CMakeTmp/CheckSymbolExists.c:
/* */
#include <pthread.h>

int main(int argc, char** argv)
{
  (void)argv;
#ifndef pthread_setname_np
  return ((int*)(&pthread_setname_np))[argc];
#else
  (void)argc;
  return 0;
#endif
}

Determining if the pthread_set_name_np exist failed with the following output:
Change Dir: /home/naomi/Desktop/framework_gl/build/CMakeFiles/CMakeTmp

Run Build Command:/usr/bin/make "cmTryCompileExec1330905062/fast"
/usr/bin/make -f CMakeFiles/cmTryCompileExec1330905062.dir/build.make CMakeFiles/cmTryCompileExec1330905062.dir/build
make[1]: Entering directory `/home/naomi/Desktop/framework_gl/build/CMakeFiles/CMakeTmp'
/usr/bin/cmake -E cmake_progress_report /home/naomi/Desktop/framework_gl/build/CMakeFiles/CMakeTmp/CMakeFiles 1
Building C object CMakeFiles/cmTryCompileExec1330905062.dir/CheckSymbolExists.c.o
/usr/bin/cc   -fno-gnu89-inline -std=c11   -D_POSIX_C_SOURCE=200112L -D_XOPEN_SOURCE=500 -D_LARGEFILE_SOURCE -D_LARGE_FILES -pthread   -o CMakeFiles/cmTryCompileExec1330905062.dir/CheckSymbolExists.c.o   -c /home/naomi/Desktop/framework_gl/build/CMakeFiles/CMakeTmp/CheckSymbolExists.c
/home/naomi/Desktop/framework_gl/build/CMakeFiles/CMakeTmp/CheckSymbolExists.c: In function ‘main’:
/home/naomi/Desktop/framework_gl/build/CMakeFiles/CMakeTmp/CheckSymbolExists.c:8:19: error: ‘pthread_set_name_np’ undeclared (first use in this function)
   return ((int*)(&pthread_set_name_np))[argc];
                   ^
/home/naomi/Desktop/framework_gl/build/CMakeFiles/CMakeTmp/CheckSymbolExists.c:8:19: note: each undeclared identifier is reported only once for each function it appears in
make[1]: *** [CMakeFiles/cmTryCompileExec1330905062.dir/CheckSymbolExists.c.o] Error 1
make[1]: Leaving directory `/home/naomi/Desktop/framework_gl/build/CMakeFiles/CMakeTmp'
make: *** [cmTryCompileExec1330905062/fast] Error 2

File /home/naomi/Desktop/framework_gl/build/CMakeFiles/CMakeTmp/CheckSymbolExists.c:
/* */
#include <pthread.h>

int main(int argc, char** argv)
{
  (void)argv;
#ifndef pthread_set_name_np
  return ((int*)(&pthread_set_name_np))[argc];
#else
  (void)argc;
  return 0;
#endif
}

Determining if the pthread_mutexattr_setkind_np exist failed with the following output:
Change Dir: /home/naomi/Desktop/framework_gl/build/CMakeFiles/CMakeTmp

Run Build Command:/usr/bin/make "cmTryCompileExec3651909921/fast"
/usr/bin/make -f CMakeFiles/cmTryCompileExec3651909921.dir/build.make CMakeFiles/cmTryCompileExec3651909921.dir/build
make[1]: Entering directory `/home/naomi/Desktop/framework_gl/build/CMakeFiles/CMakeTmp'
/usr/bin/cmake -E cmake_progress_report /home/naomi/Desktop/framework_gl/build/CMakeFiles/CMakeTmp/CMakeFiles 1
Building C object CMakeFiles/cmTryCompileExec3651909921.dir/CheckSymbolExists.c.o
/usr/bin/cc   -fno-gnu89-inline -std=c11   -D_POSIX_C_SOURCE=200112L -D_XOPEN_SOURCE=500 -D_LARGEFILE_SOURCE -D_LARGE_FILES -pthread   -o CMakeFiles/cmTryCompileExec3651909921.dir/CheckSymbolExists.c.o   -c /home/naomi/Desktop/framework_gl/build/CMakeFiles/CMakeTmp/CheckSymbolExists.c
/home/naomi/Desktop/framework_gl/build/CMakeFiles/CMakeTmp/CheckSymbolExists.c: In function ‘main’:
/home/naomi/Desktop/framework_gl/build/CMakeFiles/CMakeTmp/CheckSymbolExists.c:8:19: error: ‘pthread_mutexattr_setkind_np’ undeclared (first use in this function)
   return ((int*)(&pthread_mutexattr_setkind_np))[argc];
                   ^
/home/naomi/Desktop/framework_gl/build/CMakeFiles/CMakeTmp/CheckSymbolExists.c:8:19: note: each undeclared identifier is reported only once for each function it appears in
make[1]: Leaving directory `/home/naomi/Desktop/framework_gl/build/CMakeFiles/CMakeTmp'
make[1]: *** [CMakeFiles/cmTryCompileExec3651909921.dir/CheckSymbolExists.c.o] Error 1
make: *** [cmTryCompileExec3651909921/fast] Error 2

File /home/naomi/Desktop/framework_gl/build/CMakeFiles/CMakeTmp/CheckSymbolExists.c:
/* */
#include <pthread.h>

int main(int argc, char** argv)
{
  (void)argv;
#ifndef pthread_mutexattr_setkind_np
  return ((int*)(&pthread_mutexattr_setkind_np))[argc];
#else
  (void)argc;
  return 0;
#endif
}

Determining if the include file arm_neon.h exists failed with the following output:
Change Dir: /home/naomi/Desktop/framework_gl/build/CMakeFiles/CMakeTmp

Run Build Command:/usr/bin/make "cmTryCompileExec2458659883/fast"
/usr/bin/make -f CMakeFiles/cmTryCompileExec2458659883.dir/build.make CMakeFiles/cmTryCompileExec2458659883.dir/build
make[1]: Entering directory `/home/naomi/Desktop/framework_gl/build/CMakeFiles/CMakeTmp'
/usr/bin/cmake -E cmake_progress_report /home/naomi/Desktop/framework_gl/build/CMakeFiles/CMakeTmp/CMakeFiles 1
Building C object CMakeFiles/cmTryCompileExec2458659883.dir/CheckIncludeFile.c.o
/usr/bin/cc   -fno-gnu89-inline -std=c11   -D_POSIX_C_SOURCE=200112L -D_XOPEN_SOURCE=500 -D_LARGEFILE_SOURCE -D_LARGE_FILES -pthread   -o CMakeFiles/cmTryCompileExec2458659883.dir/CheckIncludeFile.c.o   -c /home/naomi/Desktop/framework_gl/build/CMakeFiles/CMakeTmp/CheckIncludeFile.c
/home/naomi/Desktop/framework_gl/build/CMakeFiles/CMakeTmp/CheckIncludeFile.c:1:22: fatal error: arm_neon.h: No such file or directory
 #include <arm_neon.h>
                      ^
compilation terminated.
make[1]: Leaving directory `/home/naomi/Desktop/framework_gl/build/CMakeFiles/CMakeTmp'
make[1]: *** [CMakeFiles/cmTryCompileExec2458659883.dir/CheckIncludeFile.c.o] Error 1
make: *** [cmTryCompileExec2458659883/fast] Error 2


Determining if files SLES/OpenSLES.h;SLES/OpenSLES_Android.h exist failed with the following output:
Change Dir: /home/naomi/Desktop/framework_gl/build/CMakeFiles/CMakeTmp

Run Build Command:/usr/bin/make "cmTryCompileExec1669383155/fast"
/usr/bin/make -f CMakeFiles/cmTryCompileExec1669383155.dir/build.make CMakeFiles/cmTryCompileExec1669383155.dir/build
make[1]: Entering directory `/home/naomi/Desktop/framework_gl/build/CMakeFiles/CMakeTmp'
/usr/bin/cmake -E cmake_progress_report /home/naomi/Desktop/framework_gl/build/CMakeFiles/CMakeTmp/CMakeFiles 1
Building C object CMakeFiles/cmTryCompileExec1669383155.dir/CheckIncludeFiles.c.o
/usr/bin/cc   -fno-gnu89-inline -std=c11   -D_POSIX_C_SOURCE=200112L -D_XOPEN_SOURCE=500 -D_LARGEFILE_SOURCE -D_LARGE_FILES -pthread   -o CMakeFiles/cmTryCompileExec1669383155.dir/CheckIncludeFiles.c.o   -c /home/naomi/Desktop/framework_gl/build/CMakeFiles/CMakeTmp/CheckIncludeFiles.c
/home/naomi/Desktop/framework_gl/build/CMakeFiles/CMakeTmp/CheckIncludeFiles.c:2:27: fatal error: SLES/OpenSLES.h: No such file or directory
 #include <SLES/OpenSLES.h>
                           ^
compilation terminated.
make[1]: Leaving directory `/home/naomi/Desktop/framework_gl/build/CMakeFiles/CMakeTmp'
make[1]: *** [CMakeFiles/cmTryCompileExec1669383155.dir/CheckIncludeFiles.c.o] Error 1
make: *** [cmTryCompileExec1669383155/fast] Error 2

Source:
/* */
#include <SLES/OpenSLES.h>
#include <SLES/OpenSLES_Android.h>


int main(){return 0;}

